[2026-04-16 17:17:32.176 +01:00 INF] User profile is available. Using 'C:\Users\uba\AppData\Local\ASP.NET\DataProtection-Keys' as key repository and Windows DPAPI to encrypt keys at rest. {"EventId":{"Id":63,"Name":"UsingProfileAsKeyRepositoryWithDPAPI"},"SourceContext":"Microsoft.AspNetCore.DataProtection.KeyManagement.XmlKeyManager"}
[2026-04-16 17:17:32.570 +01:00 ERR] Hosting failed to start {"EventId":{"Id":11,"Name":"HostedServiceStartupFaulted"},"SourceContext":"Microsoft.Extensions.Hosting.Internal.Host"}
System.IO.IOException: Failed to bind to address http://127.0.0.1:5050: address already in use.
 ---> Microsoft.AspNetCore.Connections.AddressInUseException: Only one usage of each socket address (protocol/network address/port) is normally permitted.
 ---> System.Net.Sockets.SocketException (10048): Only one usage of each socket address (protocol/network address/port) is normally permitted.
   at System.Net.Sockets.Socket.UpdateStatusAfterSocketErrorAndThrowException(SocketError error, Boolean disconnectOnFailure, String callerName)
   at System.Net.Sockets.Socket.DoBind(EndPoint endPointSnapshot, SocketAddress socketAddress)
   at System.Net.Sockets.Socket.Bind(EndPoint localEP)
   at Microsoft.AspNetCore.Server.Kestrel.Transport.Sockets.SocketTransportOptions.CreateDefaultBoundListenSocket(EndPoint endpoint)
   at Microsoft.AspNetCore.Server.Kestrel.Transport.Sockets.SocketConnectionListener.Bind()
   --- End of inner exception stack trace ---
   at Microsoft.AspNetCore.Server.Kestrel.Transport.Sockets.SocketConnectionListener.Bind()
   at Microsoft.AspNetCore.Server.Kestrel.Transport.Sockets.SocketTransportFactory.BindAsync(EndPoint endpoint, CancellationToken cancellationToken)
   at Microsoft.AspNetCore.Server.Kestrel.Core.Internal.Infrastructure.TransportManager.BindAsync(EndPoint endPoint, ConnectionDelegate connectionDelegate, EndpointConfig endpointConfig, CancellationToken cancellationToken)
   at Microsoft.AspNetCore.Server.Kestrel.Core.KestrelServerImpl.<>c__DisplayClass28_0`1.<<StartAsync>g__OnBind|0>d.MoveNext()
--- End of stack trace from previous location ---
   at Microsoft.AspNetCore.Server.Kestrel.Core.Internal.AddressBinder.BindEndpointAsync(ListenOptions endpoint, AddressBindContext context, CancellationToken cancellationToken)
   --- End of inner exception stack trace ---
   at Microsoft.AspNetCore.Server.Kestrel.Core.Internal.AddressBinder.BindEndpointAsync(ListenOptions endpoint, AddressBindContext context, CancellationToken cancellationToken)
   at Microsoft.AspNetCore.Server.Kestrel.Core.LocalhostListenOptions.BindAsync(AddressBindContext context, CancellationToken cancellationToken)
   at Microsoft.AspNetCore.Server.Kestrel.Core.Internal.AddressBinder.AddressesStrategy.BindAsync(AddressBindContext context, CancellationToken cancellationToken)
   at Microsoft.AspNetCore.Server.Kestrel.Core.Internal.AddressBinder.BindAsync(ListenOptions[] listenOptions, AddressBindContext context, Func`2 useHttps, CancellationToken cancellationToken)
   at Microsoft.AspNetCore.Server.Kestrel.Core.KestrelServerImpl.BindAsync(CancellationToken cancellationToken)
   at Microsoft.AspNetCore.Server.Kestrel.Core.KestrelServerImpl.StartAsync[TContext](IHttpApplication`1 application, CancellationToken cancellationToken)
   at Microsoft.AspNetCore.Hosting.GenericWebHostService.StartAsync(CancellationToken cancellationToken)
   at Microsoft.Extensions.Hosting.Internal.Host.<StartAsync>b__15_1(IHostedService service, CancellationToken token)
   at Microsoft.Extensions.Hosting.Internal.Host.ForeachService[T](IEnumerable`1 services, CancellationToken token, Boolean concurrent, Boolean abortOnFirstException, List`1 exceptions, Func`3 operation)
[2026-04-16 17:17:32.642 +01:00 FTL] Products API terminated unexpectedly {}
System.IO.IOException: Failed to bind to address http://127.0.0.1:5050: address already in use.
 ---> Microsoft.AspNetCore.Connections.AddressInUseException: Only one usage of each socket address (protocol/network address/port) is normally permitted.
 ---> System.Net.Sockets.SocketException (10048): Only one usage of each socket address (protocol/network address/port) is normally permitted.
   at System.Net.Sockets.Socket.UpdateStatusAfterSocketErrorAndThrowException(SocketError error, Boolean disconnectOnFailure, String callerName)
   at System.Net.Sockets.Socket.DoBind(EndPoint endPointSnapshot, SocketAddress socketAddress)
   at System.Net.Sockets.Socket.Bind(EndPoint localEP)
   at Microsoft.AspNetCore.Server.Kestrel.Transport.Sockets.SocketTransportOptions.CreateDefaultBoundListenSocket(EndPoint endpoint)
   at Microsoft.AspNetCore.Server.Kestrel.Transport.Sockets.SocketConnectionListener.Bind()
   --- End of inner exception stack trace ---
   at Microsoft.AspNetCore.Server.Kestrel.Transport.Sockets.SocketConnectionListener.Bind()
   at Microsoft.AspNetCore.Server.Kestrel.Transport.Sockets.SocketTransportFactory.BindAsync(EndPoint endpoint, CancellationToken cancellationToken)
   at Microsoft.AspNetCore.Server.Kestrel.Core.Internal.Infrastructure.TransportManager.BindAsync(EndPoint endPoint, ConnectionDelegate connectionDelegate, EndpointConfig endpointConfig, CancellationToken cancellationToken)
   at Microsoft.AspNetCore.Server.Kestrel.Core.KestrelServerImpl.<>c__DisplayClass28_0`1.<<StartAsync>g__OnBind|0>d.MoveNext()
--- End of stack trace from previous location ---
   at Microsoft.AspNetCore.Server.Kestrel.Core.Internal.AddressBinder.BindEndpointAsync(ListenOptions endpoint, AddressBindContext context, CancellationToken cancellationToken)
   --- End of inner exception stack trace ---
   at Microsoft.AspNetCore.Server.Kestrel.Core.Internal.AddressBinder.BindEndpointAsync(ListenOptions endpoint, AddressBindContext context, CancellationToken cancellationToken)
   at Microsoft.AspNetCore.Server.Kestrel.Core.LocalhostListenOptions.BindAsync(AddressBindContext context, CancellationToken cancellationToken)
   at Microsoft.AspNetCore.Server.Kestrel.Core.Internal.AddressBinder.AddressesStrategy.BindAsync(AddressBindContext context, CancellationToken cancellationToken)
   at Microsoft.AspNetCore.Server.Kestrel.Core.Internal.AddressBinder.BindAsync(ListenOptions[] listenOptions, AddressBindContext context, Func`2 useHttps, CancellationToken cancellationToken)
   at Microsoft.AspNetCore.Server.Kestrel.Core.KestrelServerImpl.BindAsync(CancellationToken cancellationToken)
   at Microsoft.AspNetCore.Server.Kestrel.Core.KestrelServerImpl.StartAsync[TContext](IHttpApplication`1 application, CancellationToken cancellationToken)
   at Microsoft.AspNetCore.Hosting.GenericWebHostService.StartAsync(CancellationToken cancellationToken)
   at Microsoft.Extensions.Hosting.Internal.Host.<StartAsync>b__15_1(IHostedService service, CancellationToken token)
   at Microsoft.Extensions.Hosting.Internal.Host.ForeachService[T](IEnumerable`1 services, CancellationToken token, Boolean concurrent, Boolean abortOnFirstException, List`1 exceptions, Func`3 operation)
   at Microsoft.Extensions.Hosting.Internal.Host.StartAsync(CancellationToken cancellationToken)
   at Microsoft.Extensions.Hosting.HostingAbstractionsHostExtensions.RunAsync(IHost host, CancellationToken token)
   at Microsoft.Extensions.Hosting.HostingAbstractionsHostExtensions.RunAsync(IHost host, CancellationToken token)
   at Microsoft.Extensions.Hosting.HostingAbstractionsHostExtensions.Run(IHost host)
   at Program.<Main>$(String[] args) in C:\Users\uba\Desktop\DotNetApi\Zen\src\Products.API\Program.cs:line 76
[2026-04-16 17:18:06.405 +01:00 INF] User profile is available. Using 'C:\Users\uba\AppData\Local\ASP.NET\DataProtection-Keys' as key repository and Windows DPAPI to encrypt keys at rest. {"EventId":{"Id":63,"Name":"UsingProfileAsKeyRepositoryWithDPAPI"},"SourceContext":"Microsoft.AspNetCore.DataProtection.KeyManagement.XmlKeyManager"}
[2026-04-16 17:18:06.766 +01:00 INF] Now listening on: http://localhost:5050 {"EventId":{"Id":14,"Name":"ListeningOnAddress"},"SourceContext":"Microsoft.Hosting.Lifetime"}
[2026-04-16 17:18:06.847 +01:00 INF] Application started. Press Ctrl+C to shut down. {"SourceContext":"Microsoft.Hosting.Lifetime"}
[2026-04-16 17:18:06.859 +01:00 INF] Hosting environment: Development {"SourceContext":"Microsoft.Hosting.Lifetime"}
[2026-04-16 17:18:06.867 +01:00 INF] Content root path: C:\Users\uba\Desktop\DotNetApi\Zen\src\Products.API {"SourceContext":"Microsoft.Hosting.Lifetime"}
[2026-04-16 17:20:26.807 +01:00 INF] Request starting HTTP/1.1 GET http://localhost:5050/swagger/v1/swagger.json - null null {"EventId":{"Id":1},"SourceContext":"Microsoft.AspNetCore.Hosting.Diagnostics","RequestId":"0HNKRQG8C2930:00000001","RequestPath":"/swagger/v1/swagger.json","ConnectionId":"0HNKRQG8C2930"}
[2026-04-16 17:20:27.599 +01:00 INF] HTTP GET /swagger/v1/swagger.json responded 200 in 598.4782 ms {"SourceContext":"Serilog.AspNetCore.RequestLoggingMiddleware","RequestId":"0HNKRQG8C2930:00000001","ConnectionId":"0HNKRQG8C2930"}
[2026-04-16 17:20:27.640 +01:00 INF] Request finished HTTP/1.1 GET http://localhost:5050/swagger/v1/swagger.json - 200 null application/json;charset=utf-8 836.243ms {"EventId":{"Id":2},"SourceContext":"Microsoft.AspNetCore.Hosting.Diagnostics","RequestId":"0HNKRQG8C2930:00000001","RequestPath":"/swagger/v1/swagger.json","ConnectionId":"0HNKRQG8C2930"}
[2026-04-16 17:21:09.097 +01:00 WRN] As of ""2026-04-16T16:21:09.0748800+00:00"", the heartbeat has been running for ""00:00:02.3600059"" which is longer than ""00:00:01"". This could be caused by thread pool starvation. {"EventId":{"Id":22,"Name":"HeartbeatSlow"},"SourceContext":"Microsoft.AspNetCore.Server.Kestrel"}
[2026-04-16 20:54:36.483 +01:00 INF] Request starting HTTP/1.1 POST http://localhost:5050/api/auth/login - application/json 45 {"EventId":{"Id":1},"SourceContext":"Microsoft.AspNetCore.Hosting.Diagnostics","RequestId":"0HNKRQG8C2932:00000001","RequestPath":"/api/auth/login","ConnectionId":"0HNKRQG8C2932"}
[2026-04-16 20:54:36.568 +01:00 WRN] Failed to determine the https port for redirect. {"EventId":{"Id":3,"Name":"FailedToDeterminePort"},"SourceContext":"Microsoft.AspNetCore.HttpsPolicy.HttpsRedirectionMiddleware","RequestId":"0HNKRQG8C2932:00000001","RequestPath":"/api/auth/login","ConnectionId":"0HNKRQG8C2932"}
[2026-04-16 20:54:36.726 +01:00 INF] Executing endpoint 'Products.API.Controllers.AuthController.Login (Products.API)' {"EventId":{"Name":"ExecutingEndpoint"},"SourceContext":"Microsoft.AspNetCore.Routing.EndpointMiddleware","RequestId":"0HNKRQG8C2932:00000001","RequestPath":"/api/auth/login","ConnectionId":"0HNKRQG8C2932"}
[2026-04-16 20:54:36.816 +01:00 INF] Route matched with {action = "Login", controller = "Auth"}. Executing controller action with signature Microsoft.AspNetCore.Mvc.IActionResult Login(Products.API.Controllers.LoginRequest) on controller Products.API.Controllers.AuthController (Products.API). {"EventId":{"Id":102,"Name":"ControllerActionExecuting"},"SourceContext":"Microsoft.AspNetCore.Mvc.Infrastructure.ControllerActionInvoker","ActionId":"10b57e0c-ffc7-401d-8baa-8f22be9d652a","ActionName":"Products.API.Controllers.AuthController.Login (Products.API)","RequestId":"0HNKRQG8C2932:00000001","RequestPath":"/api/auth/login","ConnectionId":"0HNKRQG8C2932"}
[2026-04-16 20:54:37.006 +01:00 INF] Executing ObjectResult, writing value of type 'Microsoft.AspNetCore.Mvc.ProblemDetails'. {"EventId":{"Id":1,"Name":"ObjectResultExecuting"},"SourceContext":"Microsoft.AspNetCore.Mvc.Infrastructure.ObjectResultExecutor","ActionId":"10b57e0c-ffc7-401d-8baa-8f22be9d652a","ActionName":"Products.API.Controllers.AuthController.Login (Products.API)","RequestId":"0HNKRQG8C2932:00000001","RequestPath":"/api/auth/login","ConnectionId":"0HNKRQG8C2932"}
[2026-04-16 20:54:37.075 +01:00 INF] Executed action Products.API.Controllers.AuthController.Login (Products.API) in 243.0601ms {"EventId":{"Id":105,"Name":"ActionExecuted"},"SourceContext":"Microsoft.AspNetCore.Mvc.Infrastructure.ControllerActionInvoker","RequestId":"0HNKRQG8C2932:00000001","RequestPath":"/api/auth/login","ConnectionId":"0HNKRQG8C2932"}
[2026-04-16 20:54:37.086 +01:00 INF] Executed endpoint 'Products.API.Controllers.AuthController.Login (Products.API)' {"EventId":{"Id":1,"Name":"ExecutedEndpoint"},"SourceContext":"Microsoft.AspNetCore.Routing.EndpointMiddleware","RequestId":"0HNKRQG8C2932:00000001","RequestPath":"/api/auth/login","ConnectionId":"0HNKRQG8C2932"}
[2026-04-16 20:54:37.095 +01:00 INF] HTTP POST /api/auth/login responded 401 in 556.1297 ms {"SourceContext":"Serilog.AspNetCore.RequestLoggingMiddleware","RequestId":"0HNKRQG8C2932:00000001","ConnectionId":"0HNKRQG8C2932"}
[2026-04-16 20:54:37.103 +01:00 INF] Request finished HTTP/1.1 POST http://localhost:5050/api/auth/login - 401 null application/json; charset=utf-8 627.528ms {"EventId":{"Id":2},"SourceContext":"Microsoft.AspNetCore.Hosting.Diagnostics","RequestId":"0HNKRQG8C2932:00000001","RequestPath":"/api/auth/login","ConnectionId":"0HNKRQG8C2932"}
[2026-04-16 20:54:43.562 +01:00 INF] Request starting HTTP/1.1 POST http://localhost:5050/api/auth/login - application/json 45 {"EventId":{"Id":1},"SourceContext":"Microsoft.AspNetCore.Hosting.Diagnostics","RequestId":"0HNKRQG8C2933:00000001","RequestPath":"/api/auth/login","ConnectionId":"0HNKRQG8C2933"}
[2026-04-16 20:54:43.573 +01:00 INF] Executing endpoint 'Products.API.Controllers.AuthController.Login (Products.API)' {"EventId":{"Name":"ExecutingEndpoint"},"SourceContext":"Microsoft.AspNetCore.Routing.EndpointMiddleware","RequestId":"0HNKRQG8C2933:00000001","RequestPath":"/api/auth/login","ConnectionId":"0HNKRQG8C2933"}
[2026-04-16 20:54:43.579 +01:00 INF] Route matched with {action = "Login", controller = "Auth"}. Executing controller action with signature Microsoft.AspNetCore.Mvc.IActionResult Login(Products.API.Controllers.LoginRequest) on controller Products.API.Controllers.AuthController (Products.API). {"EventId":{"Id":102,"Name":"ControllerActionExecuting"},"SourceContext":"Microsoft.AspNetCore.Mvc.Infrastructure.ControllerActionInvoker","ActionId":"10b57e0c-ffc7-401d-8baa-8f22be9d652a","ActionName":"Products.API.Controllers.AuthController.Login (Products.API)","RequestId":"0HNKRQG8C2933:00000001","RequestPath":"/api/auth/login","ConnectionId":"0HNKRQG8C2933"}
[2026-04-16 20:54:43.591 +01:00 INF] Executing ObjectResult, writing value of type 'Microsoft.AspNetCore.Mvc.ProblemDetails'. {"EventId":{"Id":1,"Name":"ObjectResultExecuting"},"SourceContext":"Microsoft.AspNetCore.Mvc.Infrastructure.ObjectResultExecutor","ActionId":"10b57e0c-ffc7-401d-8baa-8f22be9d652a","ActionName":"Products.API.Controllers.AuthController.Login (Products.API)","RequestId":"0HNKRQG8C2933:00000001","RequestPath":"/api/auth/login","ConnectionId":"0HNKRQG8C2933"}
[2026-04-16 20:54:43.605 +01:00 INF] Executed action Products.API.Controllers.AuthController.Login (Products.API) in 16.8059ms {"EventId":{"Id":105,"Name":"ActionExecuted"},"SourceContext":"Microsoft.AspNetCore.Mvc.Infrastructure.ControllerActionInvoker","RequestId":"0HNKRQG8C2933:00000001","RequestPath":"/api/auth/login","ConnectionId":"0HNKRQG8C2933"}
[2026-04-16 20:54:43.615 +01:00 INF] Executed endpoint 'Products.API.Controllers.AuthController.Login (Products.API)' {"EventId":{"Id":1,"Name":"ExecutedEndpoint"},"SourceContext":"Microsoft.AspNetCore.Routing.EndpointMiddleware","RequestId":"0HNKRQG8C2933:00000001","RequestPath":"/api/auth/login","ConnectionId":"0HNKRQG8C2933"}
[2026-04-16 20:54:43.624 +01:00 INF] HTTP POST /api/auth/login responded 401 in 53.5870 ms {"SourceContext":"Serilog.AspNetCore.RequestLoggingMiddleware","RequestId":"0HNKRQG8C2933:00000001","ConnectionId":"0HNKRQG8C2933"}
[2026-04-16 20:54:43.630 +01:00 INF] Request finished HTTP/1.1 POST http://localhost:5050/api/auth/login - 401 null application/json; charset=utf-8 67.6078ms {"EventId":{"Id":2},"SourceContext":"Microsoft.AspNetCore.Hosting.Diagnostics","RequestId":"0HNKRQG8C2933:00000001","RequestPath":"/api/auth/login","ConnectionId":"0HNKRQG8C2933"}
[2026-04-16 20:55:30.899 +01:00 INF] Request starting HTTP/1.1 GET http://localhost:5050/swagger/v1/swagger.json - null null {"EventId":{"Id":1},"SourceContext":"Microsoft.AspNetCore.Hosting.Diagnostics","RequestId":"0HNKRQG8C2934:00000001","RequestPath":"/swagger/v1/swagger.json","ConnectionId":"0HNKRQG8C2934"}
[2026-04-16 20:55:31.019 +01:00 INF] HTTP GET /swagger/v1/swagger.json responded 200 in 78.8021 ms {"SourceContext":"Serilog.AspNetCore.RequestLoggingMiddleware","RequestId":"0HNKRQG8C2934:00000001","ConnectionId":"0HNKRQG8C2934"}
[2026-04-16 20:55:31.049 +01:00 INF] Request finished HTTP/1.1 GET http://localhost:5050/swagger/v1/swagger.json - 200 null application/json;charset=utf-8 149.6285ms {"EventId":{"Id":2},"SourceContext":"Microsoft.AspNetCore.Hosting.Diagnostics","RequestId":"0HNKRQG8C2934:00000001","RequestPath":"/swagger/v1/swagger.json","ConnectionId":"0HNKRQG8C2934"}
[2026-04-16 21:00:17.202 +01:00 INF] User profile is available. Using 'C:\Users\uba\AppData\Local\ASP.NET\DataProtection-Keys' as key repository and Windows DPAPI to encrypt keys at rest. {"EventId":{"Id":63,"Name":"UsingProfileAsKeyRepositoryWithDPAPI"},"SourceContext":"Microsoft.AspNetCore.DataProtection.KeyManagement.XmlKeyManager"}
[2026-04-16 21:00:17.538 +01:00 WRN] The ASP.NET Core developer certificate is not trusted. For information about trusting the ASP.NET Core developer certificate, see https://aka.ms/aspnet/https-trust-dev-cert. {"EventId":{"Id":8,"Name":"DeveloperCertificateNotTrusted"},"SourceContext":"Microsoft.AspNetCore.Server.Kestrel.Core.KestrelServer"}
[2026-04-16 21:00:17.665 +01:00 INF] Now listening on: https://localhost:7295 {"EventId":{"Id":14,"Name":"ListeningOnAddress"},"SourceContext":"Microsoft.Hosting.Lifetime"}
[2026-04-16 21:00:17.685 +01:00 INF] Now listening on: http://localhost:5266 {"EventId":{"Id":14,"Name":"ListeningOnAddress"},"SourceContext":"Microsoft.Hosting.Lifetime"}
[2026-04-16 21:00:17.698 +01:00 INF] Application started. Press Ctrl+C to shut down. {"SourceContext":"Microsoft.Hosting.Lifetime"}
[2026-04-16 21:00:17.701 +01:00 INF] Hosting environment: Development {"SourceContext":"Microsoft.Hosting.Lifetime"}
[2026-04-16 21:00:17.705 +01:00 INF] Content root path: C:\Users\uba\Desktop\DotNetApi\Zen\src\Products.API {"SourceContext":"Microsoft.Hosting.Lifetime"}
[2026-04-16 21:03:25.193 +01:00 INF] Request starting HTTP/2 GET https://localhost:7295/swagger/index.html - null null {"EventId":{"Id":1},"SourceContext":"Microsoft.AspNetCore.Hosting.Diagnostics","RequestId":"0HNKRUCQ5LP4L:00000001","RequestPath":"/swagger/index.html","ConnectionId":"0HNKRUCQ5LP4L"}
[2026-04-16 21:03:25.407 +01:00 INF] HTTP GET /swagger/index.html responded 200 in 139.5300 ms {"SourceContext":"Serilog.AspNetCore.RequestLoggingMiddleware","RequestId":"0HNKRUCQ5LP4L:00000001","ConnectionId":"0HNKRUCQ5LP4L"}
[2026-04-16 21:03:25.422 +01:00 INF] Request finished HTTP/2 GET https://localhost:7295/swagger/index.html - 200 null text/html;charset=utf-8 232.0003ms {"EventId":{"Id":2},"SourceContext":"Microsoft.AspNetCore.Hosting.Diagnostics","RequestId":"0HNKRUCQ5LP4L:00000001","RequestPath":"/swagger/index.html","ConnectionId":"0HNKRUCQ5LP4L"}
[2026-04-16 21:03:25.457 +01:00 INF] Request starting HTTP/2 GET https://localhost:7295/swagger/swagger-ui.css - null null {"EventId":{"Id":1},"SourceContext":"Microsoft.AspNetCore.Hosting.Diagnostics","RequestId":"0HNKRUCQ5LP4L:00000003","RequestPath":"/swagger/swagger-ui.css","ConnectionId":"0HNKRUCQ5LP4L"}
[2026-04-16 21:03:25.466 +01:00 INF] Request starting HTTP/2 GET https://localhost:7295/swagger/index.css - null null {"EventId":{"Id":1},"SourceContext":"Microsoft.AspNetCore.Hosting.Diagnostics","RequestId":"0HNKRUCQ5LP4L:00000005","RequestPath":"/swagger/index.css","ConnectionId":"0HNKRUCQ5LP4L"}
[2026-04-16 21:03:25.466 +01:00 INF] Request starting HTTP/2 GET https://localhost:7295/swagger/swagger-ui-bundle.js - null null {"EventId":{"Id":1},"SourceContext":"Microsoft.AspNetCore.Hosting.Diagnostics","RequestId":"0HNKRUCQ5LP4L:00000007","RequestPath":"/swagger/swagger-ui-bundle.js","ConnectionId":"0HNKRUCQ5LP4L"}
[2026-04-16 21:03:25.466 +01:00 INF] Request starting HTTP/2 GET https://localhost:7295/swagger/swagger-ui-standalone-preset.js - null null {"EventId":{"Id":1},"SourceContext":"Microsoft.AspNetCore.Hosting.Diagnostics","RequestId":"0HNKRUCQ5LP4L:00000009","RequestPath":"/swagger/swagger-ui-standalone-preset.js","ConnectionId":"0HNKRUCQ5LP4L"}
[2026-04-16 21:03:25.468 +01:00 INF] Request starting HTTP/2 GET https://localhost:7295/swagger/index.js - null null {"EventId":{"Id":1},"SourceContext":"Microsoft.AspNetCore.Hosting.Diagnostics","RequestId":"0HNKRUCQ5LP4L:0000000B","RequestPath":"/swagger/index.js","ConnectionId":"0HNKRUCQ5LP4L"}
[2026-04-16 21:03:25.522 +01:00 INF] Sending file. Request path: '/index.css'. Physical path: 'N/A' {"EventId":{"Id":2,"Name":"FileServed"},"SourceContext":"Microsoft.AspNetCore.StaticFiles.StaticFileMiddleware","RequestId":"0HNKRUCQ5LP4L:00000005","RequestPath":"/swagger/index.css","ConnectionId":"0HNKRUCQ5LP4L"}
[2026-04-16 21:03:25.549 +01:00 INF] Sending file. Request path: '/swagger-ui.css'. Physical path: 'N/A' {"EventId":{"Id":2,"Name":"FileServed"},"SourceContext":"Microsoft.AspNetCore.StaticFiles.StaticFileMiddleware","RequestId":"0HNKRUCQ5LP4L:00000003","RequestPath":"/swagger/swagger-ui.css","ConnectionId":"0HNKRUCQ5LP4L"}
[2026-04-16 21:03:25.571 +01:00 INF] Sending file. Request path: '/swagger-ui-standalone-preset.js'. Physical path: 'N/A' {"EventId":{"Id":2,"Name":"FileServed"},"SourceContext":"Microsoft.AspNetCore.StaticFiles.StaticFileMiddleware","RequestId":"0HNKRUCQ5LP4L:00000009","RequestPath":"/swagger/swagger-ui-standalone-preset.js","ConnectionId":"0HNKRUCQ5LP4L"}
[2026-04-16 21:03:25.583 +01:00 INF] Sending file. Request path: '/swagger-ui-bundle.js'. Physical path: 'N/A' {"EventId":{"Id":2,"Name":"FileServed"},"SourceContext":"Microsoft.AspNetCore.StaticFiles.StaticFileMiddleware","RequestId":"0HNKRUCQ5LP4L:00000007","RequestPath":"/swagger/swagger-ui-bundle.js","ConnectionId":"0HNKRUCQ5LP4L"}
[2026-04-16 21:03:25.590 +01:00 INF] HTTP GET /swagger/index.js responded 200 in 0.8973 ms {"SourceContext":"Serilog.AspNetCore.RequestLoggingMiddleware","RequestId":"0HNKRUCQ5LP4L:0000000B","ConnectionId":"0HNKRUCQ5LP4L"}
[2026-04-16 21:03:25.598 +01:00 INF] HTTP GET /swagger/index.css responded 200 in 94.8002 ms {"SourceContext":"Serilog.AspNetCore.RequestLoggingMiddleware","RequestId":"0HNKRUCQ5LP4L:00000005","ConnectionId":"0HNKRUCQ5LP4L"}
[2026-04-16 21:03:25.609 +01:00 INF] HTTP GET /swagger/swagger-ui.css responded 200 in 113.9069 ms {"SourceContext":"Serilog.AspNetCore.RequestLoggingMiddleware","RequestId":"0HNKRUCQ5LP4L:00000003","ConnectionId":"0HNKRUCQ5LP4L"}
[2026-04-16 21:03:25.617 +01:00 INF] HTTP GET /swagger/swagger-ui-standalone-preset.js responded 200 in 57.0420 ms {"SourceContext":"Serilog.AspNetCore.RequestLoggingMiddleware","RequestId":"0HNKRUCQ5LP4L:00000009","ConnectionId":"0HNKRUCQ5LP4L"}
[2026-04-16 21:03:25.626 +01:00 INF] HTTP GET /swagger/swagger-ui-bundle.js responded 200 in 109.4233 ms {"SourceContext":"Serilog.AspNetCore.RequestLoggingMiddleware","RequestId":"0HNKRUCQ5LP4L:00000007","ConnectionId":"0HNKRUCQ5LP4L"}
[2026-04-16 21:03:25.632 +01:00 INF] Request finished HTTP/2 GET https://localhost:7295/swagger/index.js - 200 null application/javascript;charset=utf-8 163.2732ms {"EventId":{"Id":2},"SourceContext":"Microsoft.AspNetCore.Hosting.Diagnostics","RequestId":"0HNKRUCQ5LP4L:0000000B","RequestPath":"/swagger/index.js","ConnectionId":"0HNKRUCQ5LP4L"}
[2026-04-16 21:03:25.637 +01:00 INF] Request finished HTTP/2 GET https://localhost:7295/swagger/index.css - 200 202 text/css 171.4625ms {"EventId":{"Id":2},"SourceContext":"Microsoft.AspNetCore.Hosting.Diagnostics","RequestId":"0HNKRUCQ5LP4L:00000005","RequestPath":"/swagger/index.css","ConnectionId":"0HNKRUCQ5LP4L"}
[2026-04-16 21:03:25.646 +01:00 INF] Request finished HTTP/2 GET https://localhost:7295/swagger/swagger-ui.css - 200 152034 text/css 189.2881ms {"EventId":{"Id":2},"SourceContext":"Microsoft.AspNetCore.Hosting.Diagnostics","RequestId":"0HNKRUCQ5LP4L:00000003","RequestPath":"/swagger/swagger-ui.css","ConnectionId":"0HNKRUCQ5LP4L"}
[2026-04-16 21:03:25.650 +01:00 INF] Request finished HTTP/2 GET https://localhost:7295/swagger/swagger-ui-standalone-preset.js - 200 230293 text/javascript 184.287ms {"EventId":{"Id":2},"SourceContext":"Microsoft.AspNetCore.Hosting.Diagnostics","RequestId":"0HNKRUCQ5LP4L:00000009","RequestPath":"/swagger/swagger-ui-standalone-preset.js","ConnectionId":"0HNKRUCQ5LP4L"}
[2026-04-16 21:03:25.655 +01:00 INF] Request finished HTTP/2 GET https://localhost:7295/swagger/swagger-ui-bundle.js - 200 1452753 text/javascript 189.6247ms {"EventId":{"Id":2},"SourceContext":"Microsoft.AspNetCore.Hosting.Diagnostics","RequestId":"0HNKRUCQ5LP4L:00000007","RequestPath":"/swagger/swagger-ui-bundle.js","ConnectionId":"0HNKRUCQ5LP4L"}
[2026-04-16 21:03:26.178 +01:00 INF] Request starting HTTP/2 GET https://localhost:7295/swagger/v1/swagger.json - null null {"EventId":{"Id":1},"SourceContext":"Microsoft.AspNetCore.Hosting.Diagnostics","RequestId":"0HNKRUCQ5LP4L:0000000D","RequestPath":"/swagger/v1/swagger.json","ConnectionId":"0HNKRUCQ5LP4L"}
[2026-04-16 21:03:26.235 +01:00 INF] Request starting HTTP/2 GET https://localhost:7295/swagger/favicon-32x32.png - null null {"EventId":{"Id":1},"SourceContext":"Microsoft.AspNetCore.Hosting.Diagnostics","RequestId":"0HNKRUCQ5LP4L:0000000F","RequestPath":"/swagger/favicon-32x32.png","ConnectionId":"0HNKRUCQ5LP4L"}
[2026-04-16 21:03:26.248 +01:00 INF] Sending file. Request path: '/favicon-32x32.png'. Physical path: 'N/A' {"EventId":{"Id":2,"Name":"FileServed"},"SourceContext":"Microsoft.AspNetCore.StaticFiles.StaticFileMiddleware","RequestId":"0HNKRUCQ5LP4L:0000000F","RequestPath":"/swagger/favicon-32x32.png","ConnectionId":"0HNKRUCQ5LP4L"}
[2026-04-16 21:03:26.258 +01:00 INF] HTTP GET /swagger/favicon-32x32.png responded 200 in 11.1047 ms {"SourceContext":"Serilog.AspNetCore.RequestLoggingMiddleware","RequestId":"0HNKRUCQ5LP4L:0000000F","ConnectionId":"0HNKRUCQ5LP4L"}
[2026-04-16 21:03:26.265 +01:00 INF] Request finished HTTP/2 GET https://localhost:7295/swagger/favicon-32x32.png - 200 628 image/png 29.642ms {"EventId":{"Id":2},"SourceContext":"Microsoft.AspNetCore.Hosting.Diagnostics","RequestId":"0HNKRUCQ5LP4L:0000000F","RequestPath":"/swagger/favicon-32x32.png","ConnectionId":"0HNKRUCQ5LP4L"}
[2026-04-16 21:03:26.421 +01:00 INF] HTTP GET /swagger/v1/swagger.json responded 200 in 233.2010 ms {"SourceContext":"Serilog.AspNetCore.RequestLoggingMiddleware","RequestId":"0HNKRUCQ5LP4L:0000000D","ConnectionId":"0HNKRUCQ5LP4L"}
[2026-04-16 21:03:26.431 +01:00 INF] Request finished HTTP/2 GET https://localhost:7295/swagger/v1/swagger.json - 200 null application/json;charset=utf-8 253.1534ms {"EventId":{"Id":2},"SourceContext":"Microsoft.AspNetCore.Hosting.Diagnostics","RequestId":"0HNKRUCQ5LP4L:0000000D","RequestPath":"/swagger/v1/swagger.json","ConnectionId":"0HNKRUCQ5LP4L"}
[2026-04-16 21:03:42.164 +01:00 INF] Request starting HTTP/2 POST https://localhost:7295/api/auth/login - application/json 54 {"EventId":{"Id":1},"SourceContext":"Microsoft.AspNetCore.Hosting.Diagnostics","RequestId":"0HNKRUCQ5LP4L:00000011","RequestPath":"/api/auth/login","ConnectionId":"0HNKRUCQ5LP4L"}
[2026-04-16 21:03:42.177 +01:00 INF] CORS policy execution failed. {"EventId":{"Id":5,"Name":"PolicyFailure"},"SourceContext":"Microsoft.AspNetCore.Cors.Infrastructure.CorsService","RequestId":"0HNKRUCQ5LP4L:00000011","RequestPath":"/api/auth/login","ConnectionId":"0HNKRUCQ5LP4L"}
[2026-04-16 21:03:42.187 +01:00 INF] Request origin https://localhost:7295 does not have permission to access the resource. {"EventId":{"Id":6,"Name":"OriginNotAllowed"},"SourceContext":"Microsoft.AspNetCore.Cors.Infrastructure.CorsService","RequestId":"0HNKRUCQ5LP4L:00000011","RequestPath":"/api/auth/login","ConnectionId":"0HNKRUCQ5LP4L"}
[2026-04-16 21:03:42.239 +01:00 INF] Executing endpoint 'Products.API.Controllers.AuthController.Login (Products.API)' {"EventId":{"Name":"ExecutingEndpoint"},"SourceContext":"Microsoft.AspNetCore.Routing.EndpointMiddleware","RequestId":"0HNKRUCQ5LP4L:00000011","RequestPath":"/api/auth/login","ConnectionId":"0HNKRUCQ5LP4L"}
[2026-04-16 21:03:42.289 +01:00 INF] Route matched with {action = "Login", controller = "Auth"}. Executing controller action with signature Microsoft.AspNetCore.Mvc.IActionResult Login(Products.API.Controllers.LoginRequest) on controller Products.API.Controllers.AuthController (Products.API). {"EventId":{"Id":102,"Name":"ControllerActionExecuting"},"SourceContext":"Microsoft.AspNetCore.Mvc.Infrastructure.ControllerActionInvoker","ActionId":"81ac778c-c814-44e2-862b-e0026a7b5139","ActionName":"Products.API.Controllers.AuthController.Login (Products.API)","RequestId":"0HNKRUCQ5LP4L:00000011","RequestPath":"/api/auth/login","ConnectionId":"0HNKRUCQ5LP4L"}
[2026-04-16 21:03:42.399 +01:00 INF] Executing OkObjectResult, writing value of type 'Products.API.Controllers.LoginResponse'. {"EventId":{"Id":1,"Name":"ObjectResultExecuting"},"SourceContext":"Microsoft.AspNetCore.Mvc.Infrastructure.ObjectResultExecutor","ActionId":"81ac778c-c814-44e2-862b-e0026a7b5139","ActionName":"Products.API.Controllers.AuthController.Login (Products.API)","RequestId":"0HNKRUCQ5LP4L:00000011","RequestPath":"/api/auth/login","ConnectionId":"0HNKRUCQ5LP4L"}
[2026-04-16 21:03:42.424 +01:00 INF] Executed action Products.API.Controllers.AuthController.Login (Products.API) in 120.9072ms {"EventId":{"Id":105,"Name":"ActionExecuted"},"SourceContext":"Microsoft.AspNetCore.Mvc.Infrastructure.ControllerActionInvoker","RequestId":"0HNKRUCQ5LP4L:00000011","RequestPath":"/api/auth/login","ConnectionId":"0HNKRUCQ5LP4L"}
[2026-04-16 21:03:42.433 +01:00 INF] Executed endpoint 'Products.API.Controllers.AuthController.Login (Products.API)' {"EventId":{"Id":1,"Name":"ExecutedEndpoint"},"SourceContext":"Microsoft.AspNetCore.Routing.EndpointMiddleware","RequestId":"0HNKRUCQ5LP4L:00000011","RequestPath":"/api/auth/login","ConnectionId":"0HNKRUCQ5LP4L"}
[2026-04-16 21:03:42.441 +01:00 INF] HTTP POST /api/auth/login responded 200 in 243.2732 ms {"SourceContext":"Serilog.AspNetCore.RequestLoggingMiddleware","RequestId":"0HNKRUCQ5LP4L:00000011","ConnectionId":"0HNKRUCQ5LP4L"}
[2026-04-16 21:03:42.445 +01:00 INF] Request finished HTTP/2 POST https://localhost:7295/api/auth/login - 200 null application/json; charset=utf-8 280.5599ms {"EventId":{"Id":2},"SourceContext":"Microsoft.AspNetCore.Hosting.Diagnostics","RequestId":"0HNKRUCQ5LP4L:00000011","RequestPath":"/api/auth/login","ConnectionId":"0HNKRUCQ5LP4L"}
[2026-04-16 21:03:58.564 +01:00 INF] Request starting HTTP/2 GET https://localhost:7295/health - null null {"EventId":{"Id":1},"SourceContext":"Microsoft.AspNetCore.Hosting.Diagnostics","RequestId":"0HNKRUCQ5LP4L:00000013","RequestPath":"/health","ConnectionId":"0HNKRUCQ5LP4L"}
[2026-04-16 21:03:58.573 +01:00 INF] Executing endpoint 'Products.API.Controllers.HealthController.Get (Products.API)' {"EventId":{"Name":"ExecutingEndpoint"},"SourceContext":"Microsoft.AspNetCore.Routing.EndpointMiddleware","RequestId":"0HNKRUCQ5LP4L:00000013","RequestPath":"/health","ConnectionId":"0HNKRUCQ5LP4L"}
[2026-04-16 21:03:58.583 +01:00 INF] Route matched with {action = "Get", controller = "Health"}. Executing controller action with signature Microsoft.AspNetCore.Mvc.IActionResult Get() on controller Products.API.Controllers.HealthController (Products.API). {"EventId":{"Id":102,"Name":"ControllerActionExecuting"},"SourceContext":"Microsoft.AspNetCore.Mvc.Infrastructure.ControllerActionInvoker","ActionId":"6ccf1447-e66a-4b39-aa2c-bf399119ce99","ActionName":"Products.API.Controllers.HealthController.Get (Products.API)","RequestId":"0HNKRUCQ5LP4L:00000013","RequestPath":"/health","ConnectionId":"0HNKRUCQ5LP4L"}
[2026-04-16 21:03:58.592 +01:00 INF] Executing OkObjectResult, writing value of type '<>f__AnonymousType0`3[[System.String, System.Private.CoreLib, Version=8.0.0.0, Culture=neutral, PublicKeyToken=7cec85d7bea7798e],[System.DateTime, System.Private.CoreLib, Version=8.0.0.0, Culture=neutral, PublicKeyToken=7cec85d7bea7798e],[System.String, System.Private.CoreLib, Version=8.0.0.0, Culture=neutral, PublicKeyToken=7cec85d7bea7798e]]'. {"EventId":{"Id":1,"Name":"ObjectResultExecuting"},"SourceContext":"Microsoft.AspNetCore.Mvc.Infrastructure.ObjectResultExecutor","ActionId":"6ccf1447-e66a-4b39-aa2c-bf399119ce99","ActionName":"Products.API.Controllers.HealthController.Get (Products.API)","RequestId":"0HNKRUCQ5LP4L:00000013","RequestPath":"/health","ConnectionId":"0HNKRUCQ5LP4L"}
[2026-04-16 21:03:58.605 +01:00 INF] Executed action Products.API.Controllers.HealthController.Get (Products.API) in 14.4582ms {"EventId":{"Id":105,"Name":"ActionExecuted"},"SourceContext":"Microsoft.AspNetCore.Mvc.Infrastructure.ControllerActionInvoker","RequestId":"0HNKRUCQ5LP4L:00000013","RequestPath":"/health","ConnectionId":"0HNKRUCQ5LP4L"}
[2026-04-16 21:03:58.615 +01:00 INF] Executed endpoint 'Products.API.Controllers.HealthController.Get (Products.API)' {"EventId":{"Id":1,"Name":"ExecutedEndpoint"},"SourceContext":"Microsoft.AspNetCore.Routing.EndpointMiddleware","RequestId":"0HNKRUCQ5LP4L:00000013","RequestPath":"/health","ConnectionId":"0HNKRUCQ5LP4L"}
[2026-04-16 21:03:58.623 +01:00 INF] HTTP GET /health responded 200 in 51.7651 ms {"SourceContext":"Serilog.AspNetCore.RequestLoggingMiddleware","RequestId":"0HNKRUCQ5LP4L:00000013","ConnectionId":"0HNKRUCQ5LP4L"}
[2026-04-16 21:03:58.627 +01:00 INF] Request finished HTTP/2 GET https://localhost:7295/health - 200 null application/json; charset=utf-8 62.731ms {"EventId":{"Id":2},"SourceContext":"Microsoft.AspNetCore.Hosting.Diagnostics","RequestId":"0HNKRUCQ5LP4L:00000013","RequestPath":"/health","ConnectionId":"0HNKRUCQ5LP4L"}
[2026-04-16 21:45:51.501 +01:00 WRN] The property 'RefreshToken.Roles' is a collection or enumeration type with a value converter but with no value comparer. Set a value comparer to ensure the collection/enumeration elements are compared correctly. {"EventId":{"Id":10620,"Name":"Microsoft.EntityFrameworkCore.Model.Validation.CollectionWithoutComparer"},"SourceContext":"Microsoft.EntityFrameworkCore.Model.Validation"}
[2026-04-16 21:45:52.140 +01:00 WRN] The property 'RefreshToken.Roles' is a collection or enumeration type with a value converter but with no value comparer. Set a value comparer to ensure the collection/enumeration elements are compared correctly. {"EventId":{"Id":10620,"Name":"Microsoft.EntityFrameworkCore.Model.Validation.CollectionWithoutComparer"},"SourceContext":"Microsoft.EntityFrameworkCore.Model.Validation"}
[2026-04-16 21:45:52.686 +01:00 INF] Executed DbCommand (413ms) [Parameters=[], CommandType='"Text"', CommandTimeout='60']
CREATE DATABASE [ProductAPI]; {"EventId":{"Id":20101,"Name":"Microsoft.EntityFrameworkCore.Database.Command.CommandExecuted"},"SourceContext":"Microsoft.EntityFrameworkCore.Database.Command"}
[2026-04-16 21:45:52.898 +01:00 INF] Executed DbCommand (202ms) [Parameters=[], CommandType='"Text"', CommandTimeout='60']
IF SERVERPROPERTY('EngineEdition') <> 5
BEGIN
    ALTER DATABASE [ProductAPI] SET READ_COMMITTED_SNAPSHOT ON;
END; {"EventId":{"Id":20101,"Name":"Microsoft.EntityFrameworkCore.Database.Command.CommandExecuted"},"SourceContext":"Microsoft.EntityFrameworkCore.Database.Command"}
[2026-04-16 21:45:52.955 +01:00 INF] Executed DbCommand (18ms) [Parameters=[], CommandType='"Text"', CommandTimeout='30']
SELECT 1 {"EventId":{"Id":20101,"Name":"Microsoft.EntityFrameworkCore.Database.Command.CommandExecuted"},"SourceContext":"Microsoft.EntityFrameworkCore.Database.Command"}
[2026-04-16 21:45:53.059 +01:00 INF] Executed DbCommand (22ms) [Parameters=[], CommandType='"Text"', CommandTimeout='30']
CREATE TABLE [__EFMigrationsHistory] (
    [MigrationId] nvarchar(150) NOT NULL,
    [ProductVersion] nvarchar(32) NOT NULL,
    CONSTRAINT [PK___EFMigrationsHistory] PRIMARY KEY ([MigrationId])
); {"EventId":{"Id":20101,"Name":"Microsoft.EntityFrameworkCore.Database.Command.CommandExecuted"},"SourceContext":"Microsoft.EntityFrameworkCore.Database.Command"}
[2026-04-16 21:45:53.068 +01:00 INF] Executed DbCommand (1ms) [Parameters=[], CommandType='"Text"', CommandTimeout='30']
SELECT 1 {"EventId":{"Id":20101,"Name":"Microsoft.EntityFrameworkCore.Database.Command.CommandExecuted"},"SourceContext":"Microsoft.EntityFrameworkCore.Database.Command"}
[2026-04-16 21:45:53.098 +01:00 INF] Executed DbCommand (19ms) [Parameters=[], CommandType='"Text"', CommandTimeout='30']
SELECT OBJECT_ID(N'[__EFMigrationsHistory]'); {"EventId":{"Id":20101,"Name":"Microsoft.EntityFrameworkCore.Database.Command.CommandExecuted"},"SourceContext":"Microsoft.EntityFrameworkCore.Database.Command"}
[2026-04-16 21:45:53.155 +01:00 INF] Executed DbCommand (45ms) [Parameters=[], CommandType='"Text"', CommandTimeout='30']
SELECT [MigrationId], [ProductVersion]
FROM [__EFMigrationsHistory]
ORDER BY [MigrationId]; {"EventId":{"Id":20101,"Name":"Microsoft.EntityFrameworkCore.Database.Command.CommandExecuted"},"SourceContext":"Microsoft.EntityFrameworkCore.Database.Command"}
[2026-04-16 21:45:53.182 +01:00 INF] No migrations were applied. The database is already up to date. {"EventId":{"Id":20405,"Name":"Microsoft.EntityFrameworkCore.Migrations.MigrationsNotApplied"},"SourceContext":"Microsoft.EntityFrameworkCore.Migrations"}
[2026-04-16 21:45:53.305 +01:00 INF] User profile is available. Using 'C:\Users\uba\AppData\Local\ASP.NET\DataProtection-Keys' as key repository and Windows DPAPI to encrypt keys at rest. {"EventId":{"Id":63,"Name":"UsingProfileAsKeyRepositoryWithDPAPI"},"SourceContext":"Microsoft.AspNetCore.DataProtection.KeyManagement.XmlKeyManager"}
[2026-04-16 21:45:53.472 +01:00 INF] Now listening on: https://localhost:7295 {"EventId":{"Id":14,"Name":"ListeningOnAddress"},"SourceContext":"Microsoft.Hosting.Lifetime"}
[2026-04-16 21:45:53.478 +01:00 INF] Now listening on: http://localhost:5266 {"EventId":{"Id":14,"Name":"ListeningOnAddress"},"SourceContext":"Microsoft.Hosting.Lifetime"}
[2026-04-16 21:45:53.486 +01:00 INF] Application started. Press Ctrl+C to shut down. {"SourceContext":"Microsoft.Hosting.Lifetime"}
[2026-04-16 21:45:53.490 +01:00 INF] Hosting environment: Development {"SourceContext":"Microsoft.Hosting.Lifetime"}
[2026-04-16 21:45:53.493 +01:00 INF] Content root path: C:\Users\uba\Desktop\DotNetApi\Zen\src\Products.API {"SourceContext":"Microsoft.Hosting.Lifetime"}
[2026-04-16 21:47:50.631 +01:00 INF] Request starting HTTP/2 GET https://localhost:7295/swagger/index.html - null null {"EventId":{"Id":1},"SourceContext":"Microsoft.AspNetCore.Hosting.Diagnostics","RequestId":"0HNKRV5M5KM37:00000001","RequestPath":"/swagger/index.html","ConnectionId":"0HNKRV5M5KM37"}
[2026-04-16 21:47:51.032 +01:00 INF] HTTP GET /swagger/index.html responded 200 in 192.6828 ms {"SourceContext":"Serilog.AspNetCore.RequestLoggingMiddleware","RequestId":"0HNKRV5M5KM37:00000001","ConnectionId":"0HNKRV5M5KM37"}
[2026-04-16 21:47:51.050 +01:00 INF] Request finished HTTP/2 GET https://localhost:7295/swagger/index.html - 200 null text/html;charset=utf-8 426.6158ms {"EventId":{"Id":2},"SourceContext":"Microsoft.AspNetCore.Hosting.Diagnostics","RequestId":"0HNKRV5M5KM37:00000001","RequestPath":"/swagger/index.html","ConnectionId":"0HNKRV5M5KM37"}
[2026-04-16 21:47:51.193 +01:00 INF] Request starting HTTP/2 GET https://localhost:7295/swagger/index.js - null null {"EventId":{"Id":1},"SourceContext":"Microsoft.AspNetCore.Hosting.Diagnostics","RequestId":"0HNKRV5M5KM37:00000003","RequestPath":"/swagger/index.js","ConnectionId":"0HNKRV5M5KM37"}
[2026-04-16 21:47:51.230 +01:00 INF] HTTP GET /swagger/index.js responded 200 in 2.7212 ms {"SourceContext":"Serilog.AspNetCore.RequestLoggingMiddleware","RequestId":"0HNKRV5M5KM37:00000003","ConnectionId":"0HNKRV5M5KM37"}
[2026-04-16 21:47:51.238 +01:00 INF] Request finished HTTP/2 GET https://localhost:7295/swagger/index.js - 200 null application/javascript;charset=utf-8 44.8904ms {"EventId":{"Id":2},"SourceContext":"Microsoft.AspNetCore.Hosting.Diagnostics","RequestId":"0HNKRV5M5KM37:00000003","RequestPath":"/swagger/index.js","ConnectionId":"0HNKRV5M5KM37"}
[2026-04-16 21:47:51.918 +01:00 INF] Request starting HTTP/2 GET https://localhost:7295/swagger/v1/swagger.json - null null {"EventId":{"Id":1},"SourceContext":"Microsoft.AspNetCore.Hosting.Diagnostics","RequestId":"0HNKRV5M5KM37:00000005","RequestPath":"/swagger/v1/swagger.json","ConnectionId":"0HNKRV5M5KM37"}
[2026-04-16 21:47:52.216 +01:00 INF] HTTP GET /swagger/v1/swagger.json responded 200 in 270.2155 ms {"SourceContext":"Serilog.AspNetCore.RequestLoggingMiddleware","RequestId":"0HNKRV5M5KM37:00000005","ConnectionId":"0HNKRV5M5KM37"}
[2026-04-16 21:47:52.226 +01:00 INF] Request finished HTTP/2 GET https://localhost:7295/swagger/v1/swagger.json - 200 null application/json;charset=utf-8 308.003ms {"EventId":{"Id":2},"SourceContext":"Microsoft.AspNetCore.Hosting.Diagnostics","RequestId":"0HNKRV5M5KM37:00000005","RequestPath":"/swagger/v1/swagger.json","ConnectionId":"0HNKRV5M5KM37"}
[2026-04-16 21:48:13.654 +01:00 INF] Request starting HTTP/2 GET https://localhost:7295/api/products - null null {"EventId":{"Id":1},"SourceContext":"Microsoft.AspNetCore.Hosting.Diagnostics","RequestId":"0HNKRV5M5KM37:00000007","RequestPath":"/api/products","ConnectionId":"0HNKRV5M5KM37"}
[2026-04-16 21:48:13.720 +01:00 INF] Authorization failed. These requirements were not met:
DenyAnonymousAuthorizationRequirement: Requires an authenticated user. {"EventId":{"Id":2,"Name":"UserAuthorizationFailed"},"SourceContext":"Microsoft.AspNetCore.Authorization.DefaultAuthorizationService","RequestId":"0HNKRV5M5KM37:00000007","RequestPath":"/api/products","ConnectionId":"0HNKRV5M5KM37"}
[2026-04-16 21:48:13.731 +01:00 INF] AuthenticationScheme: Bearer was challenged. {"EventId":{"Id":12,"Name":"AuthenticationSchemeChallenged"},"SourceContext":"Microsoft.AspNetCore.Authentication.JwtBearer.JwtBearerHandler","RequestId":"0HNKRV5M5KM37:00000007","RequestPath":"/api/products","ConnectionId":"0HNKRV5M5KM37"}
[2026-04-16 21:48:13.738 +01:00 INF] HTTP GET /api/products responded 401 in 74.7762 ms {"SourceContext":"Serilog.AspNetCore.RequestLoggingMiddleware","RequestId":"0HNKRV5M5KM37:00000007","ConnectionId":"0HNKRV5M5KM37"}
[2026-04-16 21:48:13.742 +01:00 INF] Request finished HTTP/2 GET https://localhost:7295/api/products - 401 0 null 88.0997ms {"EventId":{"Id":2},"SourceContext":"Microsoft.AspNetCore.Hosting.Diagnostics","RequestId":"0HNKRV5M5KM37:00000007","RequestPath":"/api/products","ConnectionId":"0HNKRV5M5KM37"}
[2026-04-16 21:49:00.912 +01:00 INF] Request starting HTTP/2 POST https://localhost:7295/api/auth/login - application/json 54 {"EventId":{"Id":1},"SourceContext":"Microsoft.AspNetCore.Hosting.Diagnostics","RequestId":"0HNKRV5M5KM37:00000009","RequestPath":"/api/auth/login","ConnectionId":"0HNKRV5M5KM37"}
[2026-04-16 21:49:00.927 +01:00 INF] CORS policy execution failed. {"EventId":{"Id":5,"Name":"PolicyFailure"},"SourceContext":"Microsoft.AspNetCore.Cors.Infrastructure.CorsService","RequestId":"0HNKRV5M5KM37:00000009","RequestPath":"/api/auth/login","ConnectionId":"0HNKRV5M5KM37"}
[2026-04-16 21:49:00.943 +01:00 INF] Request origin https://localhost:7295 does not have permission to access the resource. {"EventId":{"Id":6,"Name":"OriginNotAllowed"},"SourceContext":"Microsoft.AspNetCore.Cors.Infrastructure.CorsService","RequestId":"0HNKRV5M5KM37:00000009","RequestPath":"/api/auth/login","ConnectionId":"0HNKRV5M5KM37"}
[2026-04-16 21:49:00.958 +01:00 INF] Executing endpoint 'Products.API.Controllers.AuthController.Login (Products.API)' {"EventId":{"Name":"ExecutingEndpoint"},"SourceContext":"Microsoft.AspNetCore.Routing.EndpointMiddleware","RequestId":"0HNKRV5M5KM37:00000009","RequestPath":"/api/auth/login","ConnectionId":"0HNKRV5M5KM37"}
[2026-04-16 21:49:01.048 +01:00 INF] Route matched with {action = "Login", controller = "Auth"}. Executing controller action with signature System.Threading.Tasks.Task`1[Microsoft.AspNetCore.Mvc.IActionResult] Login(Products.API.Controllers.LoginRequest, System.Threading.CancellationToken) on controller Products.API.Controllers.AuthController (Products.API). {"EventId":{"Id":102,"Name":"ControllerActionExecuting"},"SourceContext":"Microsoft.AspNetCore.Mvc.Infrastructure.ControllerActionInvoker","ActionId":"6374c176-377f-4ce3-ad04-1f59cd3a7203","ActionName":"Products.API.Controllers.AuthController.Login (Products.API)","RequestId":"0HNKRV5M5KM37:00000009","RequestPath":"/api/auth/login","ConnectionId":"0HNKRV5M5KM37"}
[2026-04-16 21:49:01.585 +01:00 ERR] Failed executing DbCommand (112ms) [Parameters=[@p0='?' (DbType = Guid), @p1='?' (DbType = DateTime2), @p2='?' (DbType = DateTime2), @p3='?' (DbType = Boolean), @p4='?' (DbType = DateTime2), @p5='?' (Size = 4000), @p6='?' (Size = 512), @p7='?' (Size = 200)], CommandType='"Text"', CommandTimeout='30']
SET IMPLICIT_TRANSACTIONS OFF;
SET NOCOUNT ON;
INSERT INTO [RefreshTokens] ([Id], [CreatedAt], [ExpiresAt], [IsRevoked], [RevokedAt], [Roles], [Token], [Username])
VALUES (@p0, @p1, @p2, @p3, @p4, @p5, @p6, @p7); {"EventId":{"Id":20102,"Name":"Microsoft.EntityFrameworkCore.Database.Command.CommandError"},"SourceContext":"Microsoft.EntityFrameworkCore.Database.Command","ActionId":"6374c176-377f-4ce3-ad04-1f59cd3a7203","ActionName":"Products.API.Controllers.AuthController.Login (Products.API)","RequestId":"0HNKRV5M5KM37:00000009","RequestPath":"/api/auth/login","ConnectionId":"0HNKRV5M5KM37"}
[2026-04-16 21:49:01.650 +01:00 ERR] An exception occurred in the database while saving changes for context type 'Products.Infrastructure.Persistence.Context.AppDbContext'.
Microsoft.EntityFrameworkCore.DbUpdateException: An error occurred while saving the entity changes. See the inner exception for details.
 ---> Microsoft.Data.SqlClient.SqlException (0x80131904): Invalid object name 'RefreshTokens'.
   at Microsoft.Data.SqlClient.SqlCommand.<>c.<ExecuteDbDataReaderAsync>b__211_0(Task`1 result)
   at System.Threading.Tasks.ContinuationResultTaskFromResultTask`2.InnerInvoke()
   at System.Threading.ExecutionContext.RunInternal(ExecutionContext executionContext, ContextCallback callback, Object state)
--- End of stack trace from previous location ---
   at System.Threading.ExecutionContext.RunInternal(ExecutionContext executionContext, ContextCallback callback, Object state)
   at System.Threading.Tasks.Task.ExecuteWithThreadLocal(Task& currentTaskSlot, Thread threadPoolThread)
--- End of stack trace from previous location ---
   at Microsoft.EntityFrameworkCore.Storage.RelationalCommand.ExecuteReaderAsync(RelationalCommandParameterObject parameterObject, CancellationToken cancellationToken)
   at Microsoft.EntityFrameworkCore.Storage.RelationalCommand.ExecuteReaderAsync(RelationalCommandParameterObject parameterObject, CancellationToken cancellationToken)
   at Microsoft.EntityFrameworkCore.Update.ReaderModificationCommandBatch.ExecuteAsync(IRelationalConnection connection, CancellationToken cancellationToken)
ClientConnectionId:2e6468cd-3e83-45a8-ba49-58a72b951e49
Error Number:208,State:1,Class:16
   --- End of inner exception stack trace ---
   at Microsoft.EntityFrameworkCore.Update.ReaderModificationCommandBatch.ExecuteAsync(IRelationalConnection connection, CancellationToken cancellationToken)
   at Microsoft.EntityFrameworkCore.SqlServer.Update.Internal.SqlServerModificationCommandBatch.ExecuteAsync(IRelationalConnection connection, CancellationToken cancellationToken)
   at Microsoft.EntityFrameworkCore.Update.Internal.BatchExecutor.ExecuteAsync(IEnumerable`1 commandBatches, IRelationalConnection connection, CancellationToken cancellationToken)
   at Microsoft.EntityFrameworkCore.Update.Internal.BatchExecutor.ExecuteAsync(IEnumerable`1 commandBatches, IRelationalConnection connection, CancellationToken cancellationToken)
   at Microsoft.EntityFrameworkCore.Update.Internal.BatchExecutor.ExecuteAsync(IEnumerable`1 commandBatches, IRelationalConnection connection, CancellationToken cancellationToken)
   at Microsoft.EntityFrameworkCore.ChangeTracking.Internal.StateManager.SaveChangesAsync(IList`1 entriesToSave, CancellationToken cancellationToken)
   at Microsoft.EntityFrameworkCore.ChangeTracking.Internal.StateManager.SaveChangesAsync(StateManager stateManager, Boolean acceptAllChangesOnSuccess, CancellationToken cancellationToken)
   at Microsoft.EntityFrameworkCore.SqlServer.Storage.Internal.SqlServerExecutionStrategy.ExecuteAsync[TState,TResult](TState state, Func`4 operation, Func`4 verifySucceeded, CancellationToken cancellationToken)
   at Microsoft.EntityFrameworkCore.DbContext.SaveChangesAsync(Boolean acceptAllChangesOnSuccess, CancellationToken cancellationToken) {"EventId":{"Id":10000,"Name":"Microsoft.EntityFrameworkCore.Update.SaveChangesFailed"},"SourceContext":"Microsoft.EntityFrameworkCore.Update","ActionId":"6374c176-377f-4ce3-ad04-1f59cd3a7203","ActionName":"Products.API.Controllers.AuthController.Login (Products.API)","RequestId":"0HNKRV5M5KM37:00000009","RequestPath":"/api/auth/login","ConnectionId":"0HNKRV5M5KM37"}
Microsoft.EntityFrameworkCore.DbUpdateException: An error occurred while saving the entity changes. See the inner exception for details.
 ---> Microsoft.Data.SqlClient.SqlException (0x80131904): Invalid object name 'RefreshTokens'.
   at Microsoft.Data.SqlClient.SqlCommand.<>c.<ExecuteDbDataReaderAsync>b__211_0(Task`1 result)
   at System.Threading.Tasks.ContinuationResultTaskFromResultTask`2.InnerInvoke()
   at System.Threading.ExecutionContext.RunInternal(ExecutionContext executionContext, ContextCallback callback, Object state)
--- End of stack trace from previous location ---
   at System.Threading.ExecutionContext.RunInternal(ExecutionContext executionContext, ContextCallback callback, Object state)
   at System.Threading.Tasks.Task.ExecuteWithThreadLocal(Task& currentTaskSlot, Thread threadPoolThread)
--- End of stack trace from previous location ---
   at Microsoft.EntityFrameworkCore.Storage.RelationalCommand.ExecuteReaderAsync(RelationalCommandParameterObject parameterObject, CancellationToken cancellationToken)
   at Microsoft.EntityFrameworkCore.Storage.RelationalCommand.ExecuteReaderAsync(RelationalCommandParameterObject parameterObject, CancellationToken cancellationToken)
   at Microsoft.EntityFrameworkCore.Update.ReaderModificationCommandBatch.ExecuteAsync(IRelationalConnection connection, CancellationToken cancellationToken)
ClientConnectionId:2e6468cd-3e83-45a8-ba49-58a72b951e49
Error Number:208,State:1,Class:16
   --- End of inner exception stack trace ---
   at Microsoft.EntityFrameworkCore.Update.ReaderModificationCommandBatch.ExecuteAsync(IRelationalConnection connection, CancellationToken cancellationToken)
   at Microsoft.EntityFrameworkCore.SqlServer.Update.Internal.SqlServerModificationCommandBatch.ExecuteAsync(IRelationalConnection connection, CancellationToken cancellationToken)
   at Microsoft.EntityFrameworkCore.Update.Internal.BatchExecutor.ExecuteAsync(IEnumerable`1 commandBatches, IRelationalConnection connection, CancellationToken cancellationToken)
   at Microsoft.EntityFrameworkCore.Update.Internal.BatchExecutor.ExecuteAsync(IEnumerable`1 commandBatches, IRelationalConnection connection, CancellationToken cancellationToken)
   at Microsoft.EntityFrameworkCore.Update.Internal.BatchExecutor.ExecuteAsync(IEnumerable`1 commandBatches, IRelationalConnection connection, CancellationToken cancellationToken)
   at Microsoft.EntityFrameworkCore.ChangeTracking.Internal.StateManager.SaveChangesAsync(IList`1 entriesToSave, CancellationToken cancellationToken)
   at Microsoft.EntityFrameworkCore.ChangeTracking.Internal.StateManager.SaveChangesAsync(StateManager stateManager, Boolean acceptAllChangesOnSuccess, CancellationToken cancellationToken)
   at Microsoft.EntityFrameworkCore.SqlServer.Storage.Internal.SqlServerExecutionStrategy.ExecuteAsync[TState,TResult](TState state, Func`4 operation, Func`4 verifySucceeded, CancellationToken cancellationToken)
   at Microsoft.EntityFrameworkCore.DbContext.SaveChangesAsync(Boolean acceptAllChangesOnSuccess, CancellationToken cancellationToken)
[2026-04-16 21:49:01.677 +01:00 INF] Executed action Products.API.Controllers.AuthController.Login (Products.API) in 615.3651ms {"EventId":{"Id":105,"Name":"ActionExecuted"},"SourceContext":"Microsoft.AspNetCore.Mvc.Infrastructure.ControllerActionInvoker","RequestId":"0HNKRV5M5KM37:00000009","RequestPath":"/api/auth/login","ConnectionId":"0HNKRV5M5KM37"}
[2026-04-16 21:49:01.688 +01:00 INF] Executed endpoint 'Products.API.Controllers.AuthController.Login (Products.API)' {"EventId":{"Id":1,"Name":"ExecutedEndpoint"},"SourceContext":"Microsoft.AspNetCore.Routing.EndpointMiddleware","RequestId":"0HNKRV5M5KM37:00000009","RequestPath":"/api/auth/login","ConnectionId":"0HNKRV5M5KM37"}
[2026-04-16 21:49:01.698 +01:00 ERR] HTTP POST /api/auth/login responded 500 in 747.3852 ms {"SourceContext":"Serilog.AspNetCore.RequestLoggingMiddleware","RequestId":"0HNKRV5M5KM37:00000009","ConnectionId":"0HNKRV5M5KM37"}
Microsoft.EntityFrameworkCore.DbUpdateException: An error occurred while saving the entity changes. See the inner exception for details.
 ---> Microsoft.Data.SqlClient.SqlException (0x80131904): Invalid object name 'RefreshTokens'.
   at Microsoft.Data.SqlClient.SqlCommand.<>c.<ExecuteDbDataReaderAsync>b__211_0(Task`1 result)
   at System.Threading.Tasks.ContinuationResultTaskFromResultTask`2.InnerInvoke()
   at System.Threading.ExecutionContext.RunInternal(ExecutionContext executionContext, ContextCallback callback, Object state)
--- End of stack trace from previous location ---
   at System.Threading.ExecutionContext.RunInternal(ExecutionContext executionContext, ContextCallback callback, Object state)
   at System.Threading.Tasks.Task.ExecuteWithThreadLocal(Task& currentTaskSlot, Thread threadPoolThread)
--- End of stack trace from previous location ---
   at Microsoft.EntityFrameworkCore.Storage.RelationalCommand.ExecuteReaderAsync(RelationalCommandParameterObject parameterObject, CancellationToken cancellationToken)
   at Microsoft.EntityFrameworkCore.Storage.RelationalCommand.ExecuteReaderAsync(RelationalCommandParameterObject parameterObject, CancellationToken cancellationToken)
   at Microsoft.EntityFrameworkCore.Update.ReaderModificationCommandBatch.ExecuteAsync(IRelationalConnection connection, CancellationToken cancellationToken)
ClientConnectionId:2e6468cd-3e83-45a8-ba49-58a72b951e49
Error Number:208,State:1,Class:16
   --- End of inner exception stack trace ---
   at Microsoft.EntityFrameworkCore.Update.ReaderModificationCommandBatch.ExecuteAsync(IRelationalConnection connection, CancellationToken cancellationToken)
   at Microsoft.EntityFrameworkCore.SqlServer.Update.Internal.SqlServerModificationCommandBatch.ExecuteAsync(IRelationalConnection connection, CancellationToken cancellationToken)
   at Microsoft.EntityFrameworkCore.Update.Internal.BatchExecutor.ExecuteAsync(IEnumerable`1 commandBatches, IRelationalConnection connection, CancellationToken cancellationToken)
   at Microsoft.EntityFrameworkCore.Update.Internal.BatchExecutor.ExecuteAsync(IEnumerable`1 commandBatches, IRelationalConnection connection, CancellationToken cancellationToken)
   at Microsoft.EntityFrameworkCore.Update.Internal.BatchExecutor.ExecuteAsync(IEnumerable`1 commandBatches, IRelationalConnection connection, CancellationToken cancellationToken)
   at Microsoft.EntityFrameworkCore.ChangeTracking.Internal.StateManager.SaveChangesAsync(IList`1 entriesToSave, CancellationToken cancellationToken)
   at Microsoft.EntityFrameworkCore.ChangeTracking.Internal.StateManager.SaveChangesAsync(StateManager stateManager, Boolean acceptAllChangesOnSuccess, CancellationToken cancellationToken)
   at Microsoft.EntityFrameworkCore.SqlServer.Storage.Internal.SqlServerExecutionStrategy.ExecuteAsync[TState,TResult](TState state, Func`4 operation, Func`4 verifySucceeded, CancellationToken cancellationToken)
   at Microsoft.EntityFrameworkCore.DbContext.SaveChangesAsync(Boolean acceptAllChangesOnSuccess, CancellationToken cancellationToken)
   at Microsoft.EntityFrameworkCore.DbContext.SaveChangesAsync(Boolean acceptAllChangesOnSuccess, CancellationToken cancellationToken)
   at Products.API.Controllers.AuthController.Login(LoginRequest request, CancellationToken ct) in C:\Users\uba\Desktop\DotNetApi\Zen\src\Products.API\Controllers\AuthController.cs:line 46
   at Microsoft.AspNetCore.Mvc.Infrastructure.ActionMethodExecutor.TaskOfIActionResultExecutor.Execute(ActionContext actionContext, IActionResultTypeMapper mapper, ObjectMethodExecutor executor, Object controller, Object[] arguments)
   at Microsoft.AspNetCore.Mvc.Infrastructure.ControllerActionInvoker.<InvokeActionMethodAsync>g__Awaited|12_0(ControllerActionInvoker invoker, ValueTask`1 actionResultValueTask)
   at Microsoft.AspNetCore.Mvc.Infrastructure.ControllerActionInvoker.<InvokeNextActionFilterAsync>g__Awaited|10_0(ControllerActionInvoker invoker, Task lastTask, State next, Scope scope, Object state, Boolean isCompleted)
   at Microsoft.AspNetCore.Mvc.Infrastructure.ControllerActionInvoker.Rethrow(ActionExecutedContextSealed context)
   at Microsoft.AspNetCore.Mvc.Infrastructure.ControllerActionInvoker.Next(State& next, Scope& scope, Object& state, Boolean& isCompleted)
   at Microsoft.AspNetCore.Mvc.Infrastructure.ControllerActionInvoker.<InvokeInnerFilterAsync>g__Awaited|13_0(ControllerActionInvoker invoker, Task lastTask, State next, Scope scope, Object state, Boolean isCompleted)
   at Microsoft.AspNetCore.Mvc.Infrastructure.ResourceInvoker.<InvokeFilterPipelineAsync>g__Awaited|20_0(ResourceInvoker invoker, Task lastTask, State next, Scope scope, Object state, Boolean isCompleted)
   at Microsoft.AspNetCore.Mvc.Infrastructure.ResourceInvoker.<InvokeAsync>g__Logged|17_1(ResourceInvoker invoker)
   at Microsoft.AspNetCore.Mvc.Infrastructure.ResourceInvoker.<InvokeAsync>g__Logged|17_1(ResourceInvoker invoker)
   at Microsoft.AspNetCore.Routing.EndpointMiddleware.<Invoke>g__AwaitRequestTask|7_0(Endpoint endpoint, Task requestTask, ILogger logger)
   at Microsoft.AspNetCore.Authorization.AuthorizationMiddleware.Invoke(HttpContext context)
   at Microsoft.AspNetCore.Authentication.AuthenticationMiddleware.Invoke(HttpContext context)
   at Swashbuckle.AspNetCore.SwaggerUI.SwaggerUIMiddleware.Invoke(HttpContext httpContext)
   at Swashbuckle.AspNetCore.Swagger.SwaggerMiddleware.Invoke(HttpContext httpContext, ISwaggerProvider swaggerProvider)
   at Serilog.AspNetCore.RequestLoggingMiddleware.Invoke(HttpContext httpContext)
[2026-04-16 21:49:01.769 +01:00 ERR] Unhandled exception processing request /api/auth/login {"SourceContext":"Products.API.Middleware.ExceptionMiddleware","RequestId":"0HNKRV5M5KM37:00000009","RequestPath":"/api/auth/login","ConnectionId":"0HNKRV5M5KM37"}
Microsoft.EntityFrameworkCore.DbUpdateException: An error occurred while saving the entity changes. See the inner exception for details.
 ---> Microsoft.Data.SqlClient.SqlException (0x80131904): Invalid object name 'RefreshTokens'.
   at Microsoft.Data.SqlClient.SqlCommand.<>c.<ExecuteDbDataReaderAsync>b__211_0(Task`1 result)
   at System.Threading.Tasks.ContinuationResultTaskFromResultTask`2.InnerInvoke()
   at System.Threading.ExecutionContext.RunInternal(ExecutionContext executionContext, ContextCallback callback, Object state)
--- End of stack trace from previous location ---
   at System.Threading.ExecutionContext.RunInternal(ExecutionContext executionContext, ContextCallback callback, Object state)
   at System.Threading.Tasks.Task.ExecuteWithThreadLocal(Task& currentTaskSlot, Thread threadPoolThread)
--- End of stack trace from previous location ---
   at Microsoft.EntityFrameworkCore.Storage.RelationalCommand.ExecuteReaderAsync(RelationalCommandParameterObject parameterObject, CancellationToken cancellationToken)
   at Microsoft.EntityFrameworkCore.Storage.RelationalCommand.ExecuteReaderAsync(RelationalCommandParameterObject parameterObject, CancellationToken cancellationToken)
   at Microsoft.EntityFrameworkCore.Update.ReaderModificationCommandBatch.ExecuteAsync(IRelationalConnection connection, CancellationToken cancellationToken)
ClientConnectionId:2e6468cd-3e83-45a8-ba49-58a72b951e49
Error Number:208,State:1,Class:16
   --- End of inner exception stack trace ---
   at Microsoft.EntityFrameworkCore.Update.ReaderModificationCommandBatch.ExecuteAsync(IRelationalConnection connection, CancellationToken cancellationToken)
   at Microsoft.EntityFrameworkCore.SqlServer.Update.Internal.SqlServerModificationCommandBatch.ExecuteAsync(IRelationalConnection connection, CancellationToken cancellationToken)
   at Microsoft.EntityFrameworkCore.Update.Internal.BatchExecutor.ExecuteAsync(IEnumerable`1 commandBatches, IRelationalConnection connection, CancellationToken cancellationToken)
   at Microsoft.EntityFrameworkCore.Update.Internal.BatchExecutor.ExecuteAsync(IEnumerable`1 commandBatches, IRelationalConnection connection, CancellationToken cancellationToken)
   at Microsoft.EntityFrameworkCore.Update.Internal.BatchExecutor.ExecuteAsync(IEnumerable`1 commandBatches, IRelationalConnection connection, CancellationToken cancellationToken)
   at Microsoft.EntityFrameworkCore.ChangeTracking.Internal.StateManager.SaveChangesAsync(IList`1 entriesToSave, CancellationToken cancellationToken)
   at Microsoft.EntityFrameworkCore.ChangeTracking.Internal.StateManager.SaveChangesAsync(StateManager stateManager, Boolean acceptAllChangesOnSuccess, CancellationToken cancellationToken)
   at Microsoft.EntityFrameworkCore.SqlServer.Storage.Internal.SqlServerExecutionStrategy.ExecuteAsync[TState,TResult](TState state, Func`4 operation, Func`4 verifySucceeded, CancellationToken cancellationToken)
   at Microsoft.EntityFrameworkCore.DbContext.SaveChangesAsync(Boolean acceptAllChangesOnSuccess, CancellationToken cancellationToken)
   at Microsoft.EntityFrameworkCore.DbContext.SaveChangesAsync(Boolean acceptAllChangesOnSuccess, CancellationToken cancellationToken)
   at Products.API.Controllers.AuthController.Login(LoginRequest request, CancellationToken ct) in C:\Users\uba\Desktop\DotNetApi\Zen\src\Products.API\Controllers\AuthController.cs:line 46
   at Microsoft.AspNetCore.Mvc.Infrastructure.ActionMethodExecutor.TaskOfIActionResultExecutor.Execute(ActionContext actionContext, IActionResultTypeMapper mapper, ObjectMethodExecutor executor, Object controller, Object[] arguments)
   at Microsoft.AspNetCore.Mvc.Infrastructure.ControllerActionInvoker.<InvokeActionMethodAsync>g__Awaited|12_0(ControllerActionInvoker invoker, ValueTask`1 actionResultValueTask)
   at Microsoft.AspNetCore.Mvc.Infrastructure.ControllerActionInvoker.<InvokeNextActionFilterAsync>g__Awaited|10_0(ControllerActionInvoker invoker, Task lastTask, State next, Scope scope, Object state, Boolean isCompleted)
   at Microsoft.AspNetCore.Mvc.Infrastructure.ControllerActionInvoker.Rethrow(ActionExecutedContextSealed context)
   at Microsoft.AspNetCore.Mvc.Infrastructure.ControllerActionInvoker.Next(State& next, Scope& scope, Object& state, Boolean& isCompleted)
   at Microsoft.AspNetCore.Mvc.Infrastructure.ControllerActionInvoker.<InvokeInnerFilterAsync>g__Awaited|13_0(ControllerActionInvoker invoker, Task lastTask, State next, Scope scope, Object state, Boolean isCompleted)
   at Microsoft.AspNetCore.Mvc.Infrastructure.ResourceInvoker.<InvokeFilterPipelineAsync>g__Awaited|20_0(ResourceInvoker invoker, Task lastTask, State next, Scope scope, Object state, Boolean isCompleted)
   at Microsoft.AspNetCore.Mvc.Infrastructure.ResourceInvoker.<InvokeAsync>g__Logged|17_1(ResourceInvoker invoker)
   at Microsoft.AspNetCore.Mvc.Infrastructure.ResourceInvoker.<InvokeAsync>g__Logged|17_1(ResourceInvoker invoker)
   at Microsoft.AspNetCore.Routing.EndpointMiddleware.<Invoke>g__AwaitRequestTask|7_0(Endpoint endpoint, Task requestTask, ILogger logger)
   at Microsoft.AspNetCore.Authorization.AuthorizationMiddleware.Invoke(HttpContext context)
   at Microsoft.AspNetCore.Authentication.AuthenticationMiddleware.Invoke(HttpContext context)
   at Swashbuckle.AspNetCore.SwaggerUI.SwaggerUIMiddleware.Invoke(HttpContext httpContext)
   at Swashbuckle.AspNetCore.Swagger.SwaggerMiddleware.Invoke(HttpContext httpContext, ISwaggerProvider swaggerProvider)
   at Serilog.AspNetCore.RequestLoggingMiddleware.Invoke(HttpContext httpContext)
   at Products.API.Middleware.ExceptionMiddleware.InvokeAsync(HttpContext context) in C:\Users\uba\Desktop\DotNetApi\Zen\src\Products.API\Middleware\ExceptionMiddleware.cs:line 22
[2026-04-16 21:49:01.809 +01:00 INF] Request finished HTTP/2 POST https://localhost:7295/api/auth/login - 500 null application/json; charset=utf-8 896.8753ms {"EventId":{"Id":2},"SourceContext":"Microsoft.AspNetCore.Hosting.Diagnostics","RequestId":"0HNKRV5M5KM37:00000009","RequestPath":"/api/auth/login","ConnectionId":"0HNKRV5M5KM37"}
